mail => ddr@dr.com 
location => AK Jakarta Pusat 
gcm =>  
msg => Test Drive Schedule Today on Thu, 01 Jan 07:33 at AK Jakarta Pusat 
mail =>  
location => AK Kelapa Gading 
gcm => APA91bFHLWfBCsRCcXHO2eMmlTByw1XtOv1Jh9MXGoaOeMOtnIPo2JcgfQvd1370hwsZKFZmZPxBoZdZcUsNPI_ObcG_v0L6ym-lIFPOyHE4sVSL7CGNDslxMDuAdzXXl5GBD6mjrLjojfdisaeod_BvjBVKdKt95Q 
msg => Test Drive Schedule Today on Thu, 01 Jan 07:33 at AK Kelapa Gading 
mail => ddr@dr.com 
location => AK Jakarta Pusat 
gcm =>  
msg => Test Drive Schedule Today on Thu, 01 Jan 07:33 at AK Jakarta Pusat 
mail =>  
location => AK Kelapa Gading 
gcm => APA91bFHLWfBCsRCcXHO2eMmlTByw1XtOv1Jh9MXGoaOeMOtnIPo2JcgfQvd1370hwsZKFZmZPxBoZdZcUsNPI_ObcG_v0L6ym-lIFPOyHE4sVSL7CGNDslxMDuAdzXXl5GBD6mjrLjojfdisaeod_BvjBVKdKt95Q 
msg => Test Drive Schedule Today on Thu, 01 Jan 07:33 at AK Kelapa Gading 
mail => ddr@dr.com 
location => AK Jakarta Pusat 
gcm =>  
msg => Test Drive Schedule Today on Thu, 01 Jan 07:33 at AK Jakarta Pusat 
mail =>  
location => AK Kelapa Gading 
gcm => APA91bFHLWfBCsRCcXHO2eMmlTByw1XtOv1Jh9MXGoaOeMOtnIPo2JcgfQvd1370hwsZKFZmZPxBoZdZcUsNPI_ObcG_v0L6ym-lIFPOyHE4sVSL7CGNDslxMDuAdzXXl5GBD6mjrLjojfdisaeod_BvjBVKdKt95Q 
msg => Test Drive Schedule Today on Thu, 01 Jan 07:33 at AK Kelapa Gading 
mail =>  
location => AK Jakarta Pusat 
gcm => APA91bHF25L1D7TiS00WiqZygCLdfRbxpxG16CHJpTgGL-l5UeUCKnWc_N_Wpj3uksQ-lYbxINHtq7vXN6EaWH4J-E1yS6zvRKIQKW_pCYcsHHRgkldwMvCcW2rGAxt7TSlAbKWQ5USy7dDUN0rRfCh9Kh7luewUEQ 
msg => Test Drive Schedule Today on Thu, 01 Jan 07:33 at AK Jakarta Pusat 
mail => suharti@gnail.com 
location => AK Jakarta Pusat 
gcm =>  
msg => Test Drive Schedule Today on Thu, 01 Jan 07:33 at AK Jakarta Pusat 
mail =>  
location => AK Jakarta Pusat 
gcm => APA91bHF25L1D7TiS00WiqZygCLdfRbxpxG16CHJpTgGL-l5UeUCKnWc_N_Wpj3uksQ-lYbxINHtq7vXN6EaWH4J-E1yS6zvRKIQKW_pCYcsHHRgkldwMvCcW2rGAxt7TSlAbKWQ5USy7dDUN0rRfCh9Kh7luewUEQ 
msg => Test Drive Schedule Today on Thu, 01 Jan 07:33 at AK Jakarta Pusat 
mail => suharti@gnail.com 
location => AK Jakarta Pusat 
gcm =>  
msg => Test Drive Schedule Today on Thu, 01 Jan 07:33 at AK Jakarta Pusat 
mail =>  
location => AK Jakarta Pusat 
gcm => APA91bHF25L1D7TiS00WiqZygCLdfRbxpxG16CHJpTgGL-l5UeUCKnWc_N_Wpj3uksQ-lYbxINHtq7vXN6EaWH4J-E1yS6zvRKIQKW_pCYcsHHRgkldwMvCcW2rGAxt7TSlAbKWQ5USy7dDUN0rRfCh9Kh7luewUEQ 
msg => Test Drive Schedule Today on Thu, 01 Jan 07:33 at AK Jakarta Pusat 
mail => suharti@gnail.com 
location => AK Jakarta Pusat 
gcm =>  
msg => Test Drive Schedule Today on Thu, 01 Jan 07:33 at AK Jakarta Pusat 
mail =>  
location => AK Tangerang 
gcm =>  
msg => Test Drive Schedule Today on Thu, 01 Jan 07:33 at AK Tangerang 
mail =>  
location => AK Tangerang 
gcm =>  
msg => Test Drive Schedule Today on Thu, 01 Jan 07:33 at AK Tangerang 
mail =>  
location => AK Tangerang 
gcm =>  
msg => Test Drive Schedule Today on Thu, 01 Jan 07:33 at AK Tangerang 
mail =>  
location => AK Jakarta Pusat 
gcm =>  
msg => Test Drive Schedule Today on Thu, 01 Jan 07:33 at AK Jakarta Pusat 
mail => suharti@gmail.com 
location => AK Sorong 
gcm =>  
msg => Test Drive Schedule Today on Thu, 01 Jan 07:33 at AK Sorong 
mail =>  
location => AK Jakarta Pusat 
gcm =>  
msg => Test Drive Schedule Today on Thu, 01 Jan 07:33 at AK Jakarta Pusat 
mail => suharti@gmail.com 
location => AK Sorong 
gcm =>  
msg => Test Drive Schedule Today on Thu, 01 Jan 07:33 at AK Sorong 
mail =>  
location => AK Jakarta Pusat 
gcm =>  
msg => Test Drive Schedule Today on Thu, 01 Jan 07:33 at AK Jakarta Pusat 
mail => suharti@gmail.com 
location => AK Sorong 
gcm =>  
msg => Test Drive Schedule Today on Thu, 01 Jan 07:33 at AK Sorong 
mail => suharti@gmail.com 
location => AK Kelapa Gading 
gcm =>  
msg => Test Drive Schedule Today on Thu, 01 Jan 07:33 at AK Kelapa Gading 
mail => suharti@gmail.com 
location => AK Kelapa Gading 
gcm =>  
msg => Test Drive Schedule Today on Thu, 01 Jan 07:33 at AK Kelapa Gading 
mail => suharti@gmail.com 
location => AK Kelapa Gading 
gcm =>  
msg => Test Drive Schedule Today on Thu, 01 Jan 07:33 at AK Kelapa Gading 
mail => andri77@yahoo.com 
location => AK Jakarta Pusat 
gcm =>  
msg => Test Drive Schedule Today on Thu, 01 Jan 07:33 at AK Jakarta Pusat 
mail => andri77@yahoo.com 
location => AK Jakarta Pusat 
gcm =>  
msg => Test Drive Schedule Today on Thu, 01 Jan 07:33 at AK Jakarta Pusat 
mail => andri77@yahoo.com 
location => AK Jakarta Pusat 
gcm =>  
msg => Test Drive Schedule Today on Thu, 01 Jan 07:33 at AK Jakarta Pusat 
mail => suharti@gmail.com 
location => AK Jakarta Pusat 
gcm =>  
msg => Test Drive Schedule Today on Thu, 01 Jan 07:33 at AK Jakarta Pusat 
mail => suharti@gmail.com 
location => AK Jakarta Pusat 
gcm =>  
msg => Test Drive Schedule Today on Thu, 01 Jan 07:33 at AK Jakarta Pusat 
mail => suharti@gmail.com 
location => AK Jakarta Pusat 
gcm =>  
msg => Test Drive Schedule Today on Thu, 01 Jan 07:33 at AK Jakarta Pusat 
mail => suharti@gmail.com 
location => AK Jakarta Pusat 
gcm =>  
msg => Test Drive Schedule Today on Thu, 01 Jan 07:33 at AK Jakarta Pusat 
mail => suharti@gmail.com 
location => AK Jakarta Pusat 
gcm =>  
msg => Test Drive Schedule Today on Thu, 01 Jan 07:33 at AK Jakarta Pusat 
mail => suharti@gmail.com 
location => AK Jakarta Pusat 
gcm =>  
msg => Test Drive Schedule Today on Thu, 01 Jan 07:33 at AK Jakarta Pusat 
mail =>  
location => AK Jayapura 
gcm => APA91bH_CS9IblC03sOJgODcKgWJGoISco-ASbB2QtWqWCTSMiCa_QxBbYAAvA6z2IVsnxXiJBEMTJeyQiiskDtUAlUr1JaLcbmsyxxd9X8ghGMNZBkHwy4NBQ8eyj5N7xFs9YhQIlaSalqvA78bwDLeshKyXl2GJw 
msg => Test Drive Schedule Today on Thu, 01 Jan 07:33 at AK Jayapura 
mail =>  
location => AK Jayapura 
gcm => APA91bH_CS9IblC03sOJgODcKgWJGoISco-ASbB2QtWqWCTSMiCa_QxBbYAAvA6z2IVsnxXiJBEMTJeyQiiskDtUAlUr1JaLcbmsyxxd9X8ghGMNZBkHwy4NBQ8eyj5N7xFs9YhQIlaSalqvA78bwDLeshKyXl2GJw 
msg => Test Drive Schedule Today on Thu, 01 Jan 07:33 at AK Jayapura 
mail =>  
location => AK Jayapura 
gcm => APA91bH_CS9IblC03sOJgODcKgWJGoISco-ASbB2QtWqWCTSMiCa_QxBbYAAvA6z2IVsnxXiJBEMTJeyQiiskDtUAlUr1JaLcbmsyxxd9X8ghGMNZBkHwy4NBQ8eyj5N7xFs9YhQIlaSalqvA78bwDLeshKyXl2GJw 
msg => Test Drive Schedule Today on Thu, 01 Jan 07:33 at AK Jayapura 
mail =>  
location => AK Aceh 
gcm => APA91bEYpnsxwOLgcWfVFV_QcXOenYOSOtaF7pnQM3__3Q_EA_8-kacfcgDmqvRF6Dzigto9BatI-k-zqoOiafqXD38YpKl3DA0OHQdPVd_D9GTY57NinTGHU-B-R0XtHzmg4KC8AvpvtG7E75aNr7KZwkXJug2-VQ 
msg => Test Drive Schedule Today on Thu, 01 Jan 07:33 at AK Aceh 
mail =>  
location => AK Aceh 
gcm => APA91bEYpnsxwOLgcWfVFV_QcXOenYOSOtaF7pnQM3__3Q_EA_8-kacfcgDmqvRF6Dzigto9BatI-k-zqoOiafqXD38YpKl3DA0OHQdPVd_D9GTY57NinTGHU-B-R0XtHzmg4KC8AvpvtG7E75aNr7KZwkXJug2-VQ 
msg => Test Drive Schedule Today on Thu, 01 Jan 07:33 at AK Aceh 
mail =>  
location => AK Aceh 
gcm => APA91bEYpnsxwOLgcWfVFV_QcXOenYOSOtaF7pnQM3__3Q_EA_8-kacfcgDmqvRF6Dzigto9BatI-k-zqoOiafqXD38YpKl3DA0OHQdPVd_D9GTY57NinTGHU-B-R0XtHzmg4KC8AvpvtG7E75aNr7KZwkXJug2-VQ 
msg => Test Drive Schedule Today on Thu, 01 Jan 07:33 at AK Aceh 
mail =>  
location => AK Aceh 
gcm => APA91bHH74yDoQiSFAAJJS46dRCtS5B_1MSUb2Hhs7RhLT1a4BEL6nUGrvZwwa5AX2XSMttmY6XorbAoeJ1BrjuXT9Q9ej9-dJpbhkEAOlJje410TVZiRkihEHkPe0Fs3CSmLYso6KlPcEqSzDdGjfzlKvbfzsJlhQ 
msg => Test Drive Schedule Today on Thu, 01 Jan 07:33 at AK Aceh 
mail =>  
location => AK Aceh 
gcm => APA91bHH74yDoQiSFAAJJS46dRCtS5B_1MSUb2Hhs7RhLT1a4BEL6nUGrvZwwa5AX2XSMttmY6XorbAoeJ1BrjuXT9Q9ej9-dJpbhkEAOlJje410TVZiRkihEHkPe0Fs3CSmLYso6KlPcEqSzDdGjfzlKvbfzsJlhQ 
msg => Test Drive Schedule Today on Thu, 01 Jan 07:33 at AK Aceh 
mail =>  
location => AK Aceh 
gcm => APA91bHH74yDoQiSFAAJJS46dRCtS5B_1MSUb2Hhs7RhLT1a4BEL6nUGrvZwwa5AX2XSMttmY6XorbAoeJ1BrjuXT9Q9ej9-dJpbhkEAOlJje410TVZiRkihEHkPe0Fs3CSmLYso6KlPcEqSzDdGjfzlKvbfzsJlhQ 
msg => Test Drive Schedule Today on Thu, 01 Jan 07:33 at AK Aceh 
mail =>  
location => AK Aceh 
gcm => APA91bHH74yDoQiSFAAJJS46dRCtS5B_1MSUb2Hhs7RhLT1a4BEL6nUGrvZwwa5AX2XSMttmY6XorbAoeJ1BrjuXT9Q9ej9-dJpbhkEAOlJje410TVZiRkihEHkPe0Fs3CSmLYso6KlPcEqSzDdGjfzlKvbfzsJlhQ 
msg => Test Drive Schedule Today on Thu, 01 Jan 07:33 at AK Aceh 
mail =>  
location => AK Aceh 
gcm => APA91bHH74yDoQiSFAAJJS46dRCtS5B_1MSUb2Hhs7RhLT1a4BEL6nUGrvZwwa5AX2XSMttmY6XorbAoeJ1BrjuXT9Q9ej9-dJpbhkEAOlJje410TVZiRkihEHkPe0Fs3CSmLYso6KlPcEqSzDdGjfzlKvbfzsJlhQ 
msg => Test Drive Schedule Today on Thu, 01 Jan 07:33 at AK Aceh 
mail =>  
location => AK Aceh 
gcm => APA91bHH74yDoQiSFAAJJS46dRCtS5B_1MSUb2Hhs7RhLT1a4BEL6nUGrvZwwa5AX2XSMttmY6XorbAoeJ1BrjuXT9Q9ej9-dJpbhkEAOlJje410TVZiRkihEHkPe0Fs3CSmLYso6KlPcEqSzDdGjfzlKvbfzsJlhQ 
msg => Test Drive Schedule Today on Thu, 01 Jan 07:33 at AK Aceh 
mail =>  
location => AK Aceh 
gcm => APA91bHH74yDoQiSFAAJJS46dRCtS5B_1MSUb2Hhs7RhLT1a4BEL6nUGrvZwwa5AX2XSMttmY6XorbAoeJ1BrjuXT9Q9ej9-dJpbhkEAOlJje410TVZiRkihEHkPe0Fs3CSmLYso6KlPcEqSzDdGjfzlKvbfzsJlhQ 
msg => Test Drive Schedule Today on Thu, 01 Jan 07:33 at AK Aceh 
mail =>  
location => AK Aceh 
gcm => APA91bHH74yDoQiSFAAJJS46dRCtS5B_1MSUb2Hhs7RhLT1a4BEL6nUGrvZwwa5AX2XSMttmY6XorbAoeJ1BrjuXT9Q9ej9-dJpbhkEAOlJje410TVZiRkihEHkPe0Fs3CSmLYso6KlPcEqSzDdGjfzlKvbfzsJlhQ 
msg => Test Drive Schedule Today on Thu, 01 Jan 07:33 at AK Aceh 
mail =>  
location => AK Aceh 
gcm => APA91bHH74yDoQiSFAAJJS46dRCtS5B_1MSUb2Hhs7RhLT1a4BEL6nUGrvZwwa5AX2XSMttmY6XorbAoeJ1BrjuXT9Q9ej9-dJpbhkEAOlJje410TVZiRkihEHkPe0Fs3CSmLYso6KlPcEqSzDdGjfzlKvbfzsJlhQ 
msg => Test Drive Schedule Today on Thu, 01 Jan 07:33 at AK Aceh 
mail =>  
location => AK Manokwari 
gcm => APA91bHH74yDoQiSFAAJJS46dRCtS5B_1MSUb2Hhs7RhLT1a4BEL6nUGrvZwwa5AX2XSMttmY6XorbAoeJ1BrjuXT9Q9ej9-dJpbhkEAOlJje410TVZiRkihEHkPe0Fs3CSmLYso6KlPcEqSzDdGjfzlKvbfzsJlhQ 
msg => Test Drive Schedule Today on Thu, 01 Jan 07:33 at AK Manokwari 
mail =>  
location => AK Manokwari 
gcm => APA91bHH74yDoQiSFAAJJS46dRCtS5B_1MSUb2Hhs7RhLT1a4BEL6nUGrvZwwa5AX2XSMttmY6XorbAoeJ1BrjuXT9Q9ej9-dJpbhkEAOlJje410TVZiRkihEHkPe0Fs3CSmLYso6KlPcEqSzDdGjfzlKvbfzsJlhQ 
msg => Test Drive Schedule Today on Thu, 01 Jan 07:33 at AK Manokwari 
mail =>  
location => AK Manokwari 
gcm => APA91bHH74yDoQiSFAAJJS46dRCtS5B_1MSUb2Hhs7RhLT1a4BEL6nUGrvZwwa5AX2XSMttmY6XorbAoeJ1BrjuXT9Q9ej9-dJpbhkEAOlJje410TVZiRkihEHkPe0Fs3CSmLYso6KlPcEqSzDdGjfzlKvbfzsJlhQ 
msg => Test Drive Schedule Today on Thu, 01 Jan 07:33 at AK Manokwari 
mail =>  
location => AK Aceh 
gcm => APA91bHH74yDoQiSFAAJJS46dRCtS5B_1MSUb2Hhs7RhLT1a4BEL6nUGrvZwwa5AX2XSMttmY6XorbAoeJ1BrjuXT9Q9ej9-dJpbhkEAOlJje410TVZiRkihEHkPe0Fs3CSmLYso6KlPcEqSzDdGjfzlKvbfzsJlhQ 
msg => Test Drive Schedule Today on Thu, 01 Jan 07:33 at AK Aceh 
mail =>  
location => AK Aceh 
gcm => APA91bHH74yDoQiSFAAJJS46dRCtS5B_1MSUb2Hhs7RhLT1a4BEL6nUGrvZwwa5AX2XSMttmY6XorbAoeJ1BrjuXT9Q9ej9-dJpbhkEAOlJje410TVZiRkihEHkPe0Fs3CSmLYso6KlPcEqSzDdGjfzlKvbfzsJlhQ 
msg => Test Drive Schedule Today on Thu, 01 Jan 07:33 at AK Aceh 
mail =>  
location => AK Aceh 
gcm => APA91bHH74yDoQiSFAAJJS46dRCtS5B_1MSUb2Hhs7RhLT1a4BEL6nUGrvZwwa5AX2XSMttmY6XorbAoeJ1BrjuXT9Q9ej9-dJpbhkEAOlJje410TVZiRkihEHkPe0Fs3CSmLYso6KlPcEqSzDdGjfzlKvbfzsJlhQ 
msg => Test Drive Schedule Today on Thu, 01 Jan 07:33 at AK Aceh 
mail =>  
location => AK Aceh 
gcm => APA91bHCsT-0xH7PtWjoeWAZ0ttXd3Yf3SV3ntrMe6qKqBn5DVL56Bh7XHQIA9nUcQ9iQV9hzNfTT47CITb0AnytG6XwZ96xRub8qjj5s1C1nnTVZRELu8cVUqpl-F7bJMOBU4QXmNVfiCcflOULx4iesB78ZICqZg 
msg => Test Drive Schedule Today on Thu, 01 Jan 07:33 at AK Aceh 
mail =>  
location => AK Aceh 
gcm => APA91bHCsT-0xH7PtWjoeWAZ0ttXd3Yf3SV3ntrMe6qKqBn5DVL56Bh7XHQIA9nUcQ9iQV9hzNfTT47CITb0AnytG6XwZ96xRub8qjj5s1C1nnTVZRELu8cVUqpl-F7bJMOBU4QXmNVfiCcflOULx4iesB78ZICqZg 
msg => Test Drive Schedule Today on Thu, 01 Jan 07:33 at AK Aceh 
mail =>  
location => AK Aceh 
gcm => APA91bHCsT-0xH7PtWjoeWAZ0ttXd3Yf3SV3ntrMe6qKqBn5DVL56Bh7XHQIA9nUcQ9iQV9hzNfTT47CITb0AnytG6XwZ96xRub8qjj5s1C1nnTVZRELu8cVUqpl-F7bJMOBU4QXmNVfiCcflOULx4iesB78ZICqZg 
msg => Test Drive Schedule Today on Thu, 01 Jan 07:33 at AK Aceh 
mail =>  
location => AK Aceh 
gcm => APA91bH003jjmkfHZN2bnjYWafyYi6Jlz7pf3R4x2xTj2HdbHJgRPS9S-eE69jFNtflUF7cSEOcgyMBLr6gPXYH3SpphsOisZZTO9ocV0tgSFCl3Iu_JcI6M0taMcrLIoAVKRQb2PHbpY1ziNu3PPtbXxZo98Nj1Yw 
msg => Test Drive Schedule Today on Thu, 01 Jan 07:33 at AK Aceh 
mail =>  
location => AK Aceh 
gcm => APA91bH003jjmkfHZN2bnjYWafyYi6Jlz7pf3R4x2xTj2HdbHJgRPS9S-eE69jFNtflUF7cSEOcgyMBLr6gPXYH3SpphsOisZZTO9ocV0tgSFCl3Iu_JcI6M0taMcrLIoAVKRQb2PHbpY1ziNu3PPtbXxZo98Nj1Yw 
msg => Test Drive Schedule Today on Thu, 01 Jan 07:33 at AK Aceh 
mail =>  
location => AK Aceh 
gcm => APA91bH003jjmkfHZN2bnjYWafyYi6Jlz7pf3R4x2xTj2HdbHJgRPS9S-eE69jFNtflUF7cSEOcgyMBLr6gPXYH3SpphsOisZZTO9ocV0tgSFCl3Iu_JcI6M0taMcrLIoAVKRQb2PHbpY1ziNu3PPtbXxZo98Nj1Yw 
msg => Test Drive Schedule Today on Thu, 01 Jan 07:33 at AK Aceh 
mail =>  
location => AK Medan 
gcm => APA91bHdwpCNwaKf8wkeKsAme7FH0o8PozIhUi7OQatVVVZtmy9fbwNfEbm9tMGJ8VTzD8ogY1ibhA0RRyiFldjIBvpHS5InvDP1j5R-6k_CT3N2grwgPdpwQTELEVhwurpGWNNJVLauSLEWMGzvXcrtlVuXs-TtVA 
msg => Test Drive Schedule Today on Thu, 01 Jan 07:33 at AK Medan 
mail =>  
location => AK Sorong 
gcm =>  
msg => Test Drive Schedule Today on Thu, 01 Jan 07:33 at AK Sorong 
mail => mail@mail.com 
location => AK Sorong 
gcm =>  
msg => Test Drive Schedule Today on Thu, 01 Jan 07:33 at AK Sorong 
mail =>  
location => AK Medan 
gcm => APA91bHdwpCNwaKf8wkeKsAme7FH0o8PozIhUi7OQatVVVZtmy9fbwNfEbm9tMGJ8VTzD8ogY1ibhA0RRyiFldjIBvpHS5InvDP1j5R-6k_CT3N2grwgPdpwQTELEVhwurpGWNNJVLauSLEWMGzvXcrtlVuXs-TtVA 
msg => Test Drive Schedule Today on Thu, 01 Jan 07:33 at AK Medan 
mail =>  
location => AK Sorong 
gcm =>  
msg => Test Drive Schedule Today on Thu, 01 Jan 07:33 at AK Sorong 
mail => mail@mail.com 
location => AK Sorong 
gcm =>  
msg => Test Drive Schedule Today on Thu, 01 Jan 07:33 at AK Sorong 
mail =>  
location => AK Medan 
gcm => APA91bHdwpCNwaKf8wkeKsAme7FH0o8PozIhUi7OQatVVVZtmy9fbwNfEbm9tMGJ8VTzD8ogY1ibhA0RRyiFldjIBvpHS5InvDP1j5R-6k_CT3N2grwgPdpwQTELEVhwurpGWNNJVLauSLEWMGzvXcrtlVuXs-TtVA 
msg => Test Drive Schedule Today on Thu, 01 Jan 07:33 at AK Medan 
mail =>  
location => AK Sorong 
gcm =>  
msg => Test Drive Schedule Today on Thu, 01 Jan 07:33 at AK Sorong 
mail => mail@mail.com 
location => AK Sorong 
gcm =>  
msg => Test Drive Schedule Today on Thu, 01 Jan 07:33 at AK Sorong 
mail =>  
location => AK Aceh 
gcm => APA91bHdwpCNwaKf8wkeKsAme7FH0o8PozIhUi7OQatVVVZtmy9fbwNfEbm9tMGJ8VTzD8ogY1ibhA0RRyiFldjIBvpHS5InvDP1j5R-6k_CT3N2grwgPdpwQTELEVhwurpGWNNJVLauSLEWMGzvXcrtlVuXs-TtVA 
msg => Test Drive Schedule Today on Thu, 01 Jan 07:33 at AK Aceh 
mail =>  
location => AK Aceh 
gcm => APA91bHdwpCNwaKf8wkeKsAme7FH0o8PozIhUi7OQatVVVZtmy9fbwNfEbm9tMGJ8VTzD8ogY1ibhA0RRyiFldjIBvpHS5InvDP1j5R-6k_CT3N2grwgPdpwQTELEVhwurpGWNNJVLauSLEWMGzvXcrtlVuXs-TtVA 
msg => Test Drive Schedule Today on Thu, 01 Jan 07:33 at AK Aceh 
mail =>  
location => AK Aceh 
gcm => APA91bHdwpCNwaKf8wkeKsAme7FH0o8PozIhUi7OQatVVVZtmy9fbwNfEbm9tMGJ8VTzD8ogY1ibhA0RRyiFldjIBvpHS5InvDP1j5R-6k_CT3N2grwgPdpwQTELEVhwurpGWNNJVLauSLEWMGzvXcrtlVuXs-TtVA 
msg => Test Drive Schedule Today on Thu, 01 Jan 07:33 at AK Aceh 
mail =>  
location => AK Aceh 
gcm => APA91bHdwpCNwaKf8wkeKsAme7FH0o8PozIhUi7OQatVVVZtmy9fbwNfEbm9tMGJ8VTzD8ogY1ibhA0RRyiFldjIBvpHS5InvDP1j5R-6k_CT3N2grwgPdpwQTELEVhwurpGWNNJVLauSLEWMGzvXcrtlVuXs-TtVA 
msg => Test Drive Schedule Today on Thu, 01 Jan 07:33 at AK Aceh 
mail =>  
location => AK Aceh 
gcm => APA91bHdwpCNwaKf8wkeKsAme7FH0o8PozIhUi7OQatVVVZtmy9fbwNfEbm9tMGJ8VTzD8ogY1ibhA0RRyiFldjIBvpHS5InvDP1j5R-6k_CT3N2grwgPdpwQTELEVhwurpGWNNJVLauSLEWMGzvXcrtlVuXs-TtVA 
msg => Test Drive Schedule Today on Thu, 01 Jan 07:33 at AK Aceh 
mail =>  
location => AK Aceh 
gcm => APA91bHdwpCNwaKf8wkeKsAme7FH0o8PozIhUi7OQatVVVZtmy9fbwNfEbm9tMGJ8VTzD8ogY1ibhA0RRyiFldjIBvpHS5InvDP1j5R-6k_CT3N2grwgPdpwQTELEVhwurpGWNNJVLauSLEWMGzvXcrtlVuXs-TtVA 
msg => Test Drive Schedule Today on Thu, 01 Jan 07:33 at AK Aceh 
mail =>  
location => AK Kelapa Gading 
gcm => APA91bFfSRHryWGefxgV-yZdhnqvnddgeejMBN3kWX_aWbV7x_kPnbsZYOs0sbrs-tG-4tbmEi543OIqnt6VZXw_WGGAlBh1Bgpj38d4LQS9C9qmLWOdFj5r4RNH6UErnsOnh8oET6FPOyfUJJvDBiaWrFhcV9DQAg 
msg => Test Drive Schedule Today on Thu, 01 Jan 07:33 at AK Kelapa Gading 
mail =>  
location => AK Kelapa Gading 
gcm => APA91bFfSRHryWGefxgV-yZdhnqvnddgeejMBN3kWX_aWbV7x_kPnbsZYOs0sbrs-tG-4tbmEi543OIqnt6VZXw_WGGAlBh1Bgpj38d4LQS9C9qmLWOdFj5r4RNH6UErnsOnh8oET6FPOyfUJJvDBiaWrFhcV9DQAg 
msg => Test Drive Schedule Today on Thu, 01 Jan 07:33 at AK Kelapa Gading 
mail =>  
location => AK Kelapa Gading 
gcm => APA91bFfSRHryWGefxgV-yZdhnqvnddgeejMBN3kWX_aWbV7x_kPnbsZYOs0sbrs-tG-4tbmEi543OIqnt6VZXw_WGGAlBh1Bgpj38d4LQS9C9qmLWOdFj5r4RNH6UErnsOnh8oET6FPOyfUJJvDBiaWrFhcV9DQAg 
msg => Test Drive Schedule Today on Thu, 01 Jan 07:33 at AK Kelapa Gading 
mail =>  
location => AK Kelapa Gading 
gcm => APA91bFfSRHryWGefxgV-yZdhnqvnddgeejMBN3kWX_aWbV7x_kPnbsZYOs0sbrs-tG-4tbmEi543OIqnt6VZXw_WGGAlBh1Bgpj38d4LQS9C9qmLWOdFj5r4RNH6UErnsOnh8oET6FPOyfUJJvDBiaWrFhcV9DQAg 
msg => Test Drive Schedule Today on Thu, 01 Jan 07:33 at AK Kelapa Gading 
mail =>  
location => AK Kelapa Gading 
gcm => APA91bE7nXqDrqvbmZ8HGMuxErddNX-hPqsheKJ672GSHWEvblRTbOiYxfsYEc4nN2V5JycWtII8-33wq_0AiXNePkwddu3ia8axFqWxAuG9D1AJNYrftWmtwZoa3PWSLj3cpI1hRs2lXQP_cE5xGC_4YvTE0_ij-Q 
msg => Test Drive Schedule Today on Thu, 01 Jan 07:33 at AK Kelapa Gading 
mail =>  
location => AK Kelapa Gading 
gcm => APA91bFfSRHryWGefxgV-yZdhnqvnddgeejMBN3kWX_aWbV7x_kPnbsZYOs0sbrs-tG-4tbmEi543OIqnt6VZXw_WGGAlBh1Bgpj38d4LQS9C9qmLWOdFj5r4RNH6UErnsOnh8oET6FPOyfUJJvDBiaWrFhcV9DQAg 
msg => Test Drive Schedule Today on Thu, 01 Jan 07:33 at AK Kelapa Gading 
mail =>  
location => AK Kelapa Gading 
gcm => APA91bE7nXqDrqvbmZ8HGMuxErddNX-hPqsheKJ672GSHWEvblRTbOiYxfsYEc4nN2V5JycWtII8-33wq_0AiXNePkwddu3ia8axFqWxAuG9D1AJNYrftWmtwZoa3PWSLj3cpI1hRs2lXQP_cE5xGC_4YvTE0_ij-Q 
msg => Test Drive Schedule Today on Thu, 01 Jan 07:33 at AK Kelapa Gading 
mail =>  
location => AK Aceh 
gcm => APA91bE7nXqDrqvbmZ8HGMuxErddNX-hPqsheKJ672GSHWEvblRTbOiYxfsYEc4nN2V5JycWtII8-33wq_0AiXNePkwddu3ia8axFqWxAuG9D1AJNYrftWmtwZoa3PWSLj3cpI1hRs2lXQP_cE5xGC_4YvTE0_ij-Q 
msg => Test Drive Schedule Today on Thu, 01 Jan 07:33 at AK Aceh 
mail =>  
location => AK Aceh 
gcm =>  
msg => Test Drive Schedule Today on Thu, 01 Jan 07:33 at AK Aceh 
mail =>  
location => AK Kelapa Gading 
gcm => APA91bFfSRHryWGefxgV-yZdhnqvnddgeejMBN3kWX_aWbV7x_kPnbsZYOs0sbrs-tG-4tbmEi543OIqnt6VZXw_WGGAlBh1Bgpj38d4LQS9C9qmLWOdFj5r4RNH6UErnsOnh8oET6FPOyfUJJvDBiaWrFhcV9DQAg 
msg => Test Drive Schedule Today on Thu, 01 Jan 07:33 at AK Kelapa Gading 
mail =>  
location => AK Kelapa Gading 
gcm => APA91bE7nXqDrqvbmZ8HGMuxErddNX-hPqsheKJ672GSHWEvblRTbOiYxfsYEc4nN2V5JycWtII8-33wq_0AiXNePkwddu3ia8axFqWxAuG9D1AJNYrftWmtwZoa3PWSLj3cpI1hRs2lXQP_cE5xGC_4YvTE0_ij-Q 
msg => Test Drive Schedule Today on Thu, 01 Jan 07:33 at AK Kelapa Gading 
mail =>  
location => AK Aceh 
gcm => APA91bE7nXqDrqvbmZ8HGMuxErddNX-hPqsheKJ672GSHWEvblRTbOiYxfsYEc4nN2V5JycWtII8-33wq_0AiXNePkwddu3ia8axFqWxAuG9D1AJNYrftWmtwZoa3PWSLj3cpI1hRs2lXQP_cE5xGC_4YvTE0_ij-Q 
msg => Test Drive Schedule Today on Thu, 01 Jan 07:33 at AK Aceh 
mail =>  
location => AK Aceh 
gcm =>  
msg => Test Drive Schedule Today on Thu, 01 Jan 07:33 at AK Aceh 
mail =>  
location => AK Aceh 
gcm => APA91bE7nXqDrqvbmZ8HGMuxErddNX-hPqsheKJ672GSHWEvblRTbOiYxfsYEc4nN2V5JycWtII8-33wq_0AiXNePkwddu3ia8axFqWxAuG9D1AJNYrftWmtwZoa3PWSLj3cpI1hRs2lXQP_cE5xGC_4YvTE0_ij-Q 
msg => Test Drive Schedule Today on Thu, 01 Jan 07:33 at AK Aceh 
mail =>  
location => AK Aceh 
gcm =>  
msg => Test Drive Schedule Today on Thu, 01 Jan 07:33 at AK Aceh 
mail =>  
location => AK Kelapa Gading 
gcm => APA91bFfSRHryWGefxgV-yZdhnqvnddgeejMBN3kWX_aWbV7x_kPnbsZYOs0sbrs-tG-4tbmEi543OIqnt6VZXw_WGGAlBh1Bgpj38d4LQS9C9qmLWOdFj5r4RNH6UErnsOnh8oET6FPOyfUJJvDBiaWrFhcV9DQAg 
msg => Test Drive Schedule Today on Thu, 01 Jan 07:33 at AK Kelapa Gading 
mail =>  
location => AK Kelapa Gading 
gcm => APA91bFfSRHryWGefxgV-yZdhnqvnddgeejMBN3kWX_aWbV7x_kPnbsZYOs0sbrs-tG-4tbmEi543OIqnt6VZXw_WGGAlBh1Bgpj38d4LQS9C9qmLWOdFj5r4RNH6UErnsOnh8oET6FPOyfUJJvDBiaWrFhcV9DQAg 
msg => Test Drive Schedule Today on Thu, 01 Jan 07:33 at AK Kelapa Gading 
mail =>  
location => AK Kelapa Gading 
gcm => APA91bFfSRHryWGefxgV-yZdhnqvnddgeejMBN3kWX_aWbV7x_kPnbsZYOs0sbrs-tG-4tbmEi543OIqnt6VZXw_WGGAlBh1Bgpj38d4LQS9C9qmLWOdFj5r4RNH6UErnsOnh8oET6FPOyfUJJvDBiaWrFhcV9DQAg 
msg => Test Drive Schedule Today on Thu, 01 Jan 07:33 at AK Kelapa Gading 
mail =>  
location => AK Aceh 
gcm => APA91bG83Crl7GV07HbZYhiOQy_oQqCu9bhUi6skuNOp-0n4A1AGhJdmue8njmAeA7FNisIGpPO9s0KRJ9Zk_V2qbnE6I5nKNzC8jWqVNe0fBGbvzsSmMdoQGk4907vA5fLafXkQljveuxZg2BMOC1pomcc0S49u8Q 
msg => Test Drive Schedule Today on Thu, 01 Jan 07:33 at AK Aceh 
mail =>  
location => AK Aceh 
gcm => APA91bG83Crl7GV07HbZYhiOQy_oQqCu9bhUi6skuNOp-0n4A1AGhJdmue8njmAeA7FNisIGpPO9s0KRJ9Zk_V2qbnE6I5nKNzC8jWqVNe0fBGbvzsSmMdoQGk4907vA5fLafXkQljveuxZg2BMOC1pomcc0S49u8Q 
msg => Test Drive Schedule Today on Thu, 01 Jan 07:33 at AK Aceh 
mail =>  
location => AK Aceh 
gcm => APA91bG83Crl7GV07HbZYhiOQy_oQqCu9bhUi6skuNOp-0n4A1AGhJdmue8njmAeA7FNisIGpPO9s0KRJ9Zk_V2qbnE6I5nKNzC8jWqVNe0fBGbvzsSmMdoQGk4907vA5fLafXkQljveuxZg2BMOC1pomcc0S49u8Q 
msg => Test Drive Schedule Today on Thu, 01 Jan 07:33 at AK Aceh 
mail =>  
location => AK Kelapa Gading 
gcm => APA91bFfSRHryWGefxgV-yZdhnqvnddgeejMBN3kWX_aWbV7x_kPnbsZYOs0sbrs-tG-4tbmEi543OIqnt6VZXw_WGGAlBh1Bgpj38d4LQS9C9qmLWOdFj5r4RNH6UErnsOnh8oET6FPOyfUJJvDBiaWrFhcV9DQAg 
msg => Test Drive Schedule Today on Thu, 01 Jan 07:33 at AK Kelapa Gading 
mail => jess@jayadata.co.id 
location => AK Kelapa Gading 
gcm => APA91bGgbWW2XU1ME4NkN7rHEp8JXbipSS4IpbNfjp53PbFw2LsBc1pUWFILo2RrKa4OwgrkotSYqPp_GDAtPlrOgVB39QV0KnUDEN5C4x1LiiNZdxF4yuCc0i71Xf9sDw0UvzSHEPTno-dATREjKWl8ckVdBO5ufQ 
msg => Test Drive Schedule Today on Thu, 01 Jan 07:33 at AK Kelapa Gading 
mail =>  
location => AK Kelapa Gading 
gcm => APA91bFfSRHryWGefxgV-yZdhnqvnddgeejMBN3kWX_aWbV7x_kPnbsZYOs0sbrs-tG-4tbmEi543OIqnt6VZXw_WGGAlBh1Bgpj38d4LQS9C9qmLWOdFj5r4RNH6UErnsOnh8oET6FPOyfUJJvDBiaWrFhcV9DQAg 
msg => Test Drive Schedule Today on Thu, 01 Jan 07:33 at AK Kelapa Gading 
mail => jess@jayadata.co.id 
location => AK Kelapa Gading 
gcm => APA91bGgbWW2XU1ME4NkN7rHEp8JXbipSS4IpbNfjp53PbFw2LsBc1pUWFILo2RrKa4OwgrkotSYqPp_GDAtPlrOgVB39QV0KnUDEN5C4x1LiiNZdxF4yuCc0i71Xf9sDw0UvzSHEPTno-dATREjKWl8ckVdBO5ufQ 
msg => Test Drive Schedule Today on Thu, 01 Jan 07:33 at AK Kelapa Gading 
mail =>  
location => AK Kelapa Gading 
gcm => APA91bFfSRHryWGefxgV-yZdhnqvnddgeejMBN3kWX_aWbV7x_kPnbsZYOs0sbrs-tG-4tbmEi543OIqnt6VZXw_WGGAlBh1Bgpj38d4LQS9C9qmLWOdFj5r4RNH6UErnsOnh8oET6FPOyfUJJvDBiaWrFhcV9DQAg 
msg => Test Drive Schedule Today on Thu, 01 Jan 07:33 at AK Kelapa Gading 
mail => jess@jayadata.co.id 
location => AK Kelapa Gading 
gcm => APA91bGgbWW2XU1ME4NkN7rHEp8JXbipSS4IpbNfjp53PbFw2LsBc1pUWFILo2RrKa4OwgrkotSYqPp_GDAtPlrOgVB39QV0KnUDEN5C4x1LiiNZdxF4yuCc0i71Xf9sDw0UvzSHEPTno-dATREjKWl8ckVdBO5ufQ 
msg => Test Drive Schedule Today on Thu, 01 Jan 07:33 at AK Kelapa Gading 
mail =>  
location => AK Kelapa Gading 
gcm => APA91bFfSRHryWGefxgV-yZdhnqvnddgeejMBN3kWX_aWbV7x_kPnbsZYOs0sbrs-tG-4tbmEi543OIqnt6VZXw_WGGAlBh1Bgpj38d4LQS9C9qmLWOdFj5r4RNH6UErnsOnh8oET6FPOyfUJJvDBiaWrFhcV9DQAg 
msg => Test Drive Schedule Today on Thu, 01 Jan 07:33 at AK Kelapa Gading 
mail =>  
location => AK Kelapa Gading 
gcm => APA91bFfSRHryWGefxgV-yZdhnqvnddgeejMBN3kWX_aWbV7x_kPnbsZYOs0sbrs-tG-4tbmEi543OIqnt6VZXw_WGGAlBh1Bgpj38d4LQS9C9qmLWOdFj5r4RNH6UErnsOnh8oET6FPOyfUJJvDBiaWrFhcV9DQAg 
msg => Test Drive Schedule Today on Thu, 01 Jan 07:33 at AK Kelapa Gading 
mail =>  
location => AK Kelapa Gading 
gcm => APA91bFfSRHryWGefxgV-yZdhnqvnddgeejMBN3kWX_aWbV7x_kPnbsZYOs0sbrs-tG-4tbmEi543OIqnt6VZXw_WGGAlBh1Bgpj38d4LQS9C9qmLWOdFj5r4RNH6UErnsOnh8oET6FPOyfUJJvDBiaWrFhcV9DQAg 
msg => Test Drive Schedule Today on Thu, 01 Jan 07:33 at AK Kelapa Gading 
mail => emma@jayadata.co.id 
location => AK Jayapura 
gcm => APA91bGgbWW2XU1ME4NkN7rHEp8JXbipSS4IpbNfjp53PbFw2LsBc1pUWFILo2RrKa4OwgrkotSYqPp_GDAtPlrOgVB39QV0KnUDEN5C4x1LiiNZdxF4yuCc0i71Xf9sDw0UvzSHEPTno-dATREjKWl8ckVdBO5ufQ 
msg => Test Drive Schedule Today on Thu, 01 Jan 07:33 at AK Jayapura 
mail =>  
location => AK Kelapa Gading 
gcm => APA91bFfSRHryWGefxgV-yZdhnqvnddgeejMBN3kWX_aWbV7x_kPnbsZYOs0sbrs-tG-4tbmEi543OIqnt6VZXw_WGGAlBh1Bgpj38d4LQS9C9qmLWOdFj5r4RNH6UErnsOnh8oET6FPOyfUJJvDBiaWrFhcV9DQAg 
msg => Test Drive Schedule Today on Thu, 01 Jan 07:33 at AK Kelapa Gading 
mail =>  
location => AK Kelapa Gading 
gcm => APA91bFfSRHryWGefxgV-yZdhnqvnddgeejMBN3kWX_aWbV7x_kPnbsZYOs0sbrs-tG-4tbmEi543OIqnt6VZXw_WGGAlBh1Bgpj38d4LQS9C9qmLWOdFj5r4RNH6UErnsOnh8oET6FPOyfUJJvDBiaWrFhcV9DQAg 
msg => Test Drive Schedule Today on Thu, 01 Jan 07:33 at AK Kelapa Gading 
mail => emma@jayadata.co.id 
location => AK Jayapura 
gcm => APA91bGgbWW2XU1ME4NkN7rHEp8JXbipSS4IpbNfjp53PbFw2LsBc1pUWFILo2RrKa4OwgrkotSYqPp_GDAtPlrOgVB39QV0KnUDEN5C4x1LiiNZdxF4yuCc0i71Xf9sDw0UvzSHEPTno-dATREjKWl8ckVdBO5ufQ 
msg => Test Drive Schedule Today on Thu, 01 Jan 07:33 at AK Jayapura 
mail =>  
location => AK Kelapa Gading 
gcm => APA91bFfSRHryWGefxgV-yZdhnqvnddgeejMBN3kWX_aWbV7x_kPnbsZYOs0sbrs-tG-4tbmEi543OIqnt6VZXw_WGGAlBh1Bgpj38d4LQS9C9qmLWOdFj5r4RNH6UErnsOnh8oET6FPOyfUJJvDBiaWrFhcV9DQAg 
msg => Test Drive Schedule Today on Thu, 01 Jan 07:33 at AK Kelapa Gading 
mail => emma@jayadata.co.id 
location => AK Jayapura 
gcm => APA91bGgbWW2XU1ME4NkN7rHEp8JXbipSS4IpbNfjp53PbFw2LsBc1pUWFILo2RrKa4OwgrkotSYqPp_GDAtPlrOgVB39QV0KnUDEN5C4x1LiiNZdxF4yuCc0i71Xf9sDw0UvzSHEPTno-dATREjKWl8ckVdBO5ufQ 
msg => Test Drive Schedule Today on Thu, 01 Jan 07:33 at AK Jayapura 
mail =>  
location => AK Kelapa Gading 
gcm => APA91bFfSRHryWGefxgV-yZdhnqvnddgeejMBN3kWX_aWbV7x_kPnbsZYOs0sbrs-tG-4tbmEi543OIqnt6VZXw_WGGAlBh1Bgpj38d4LQS9C9qmLWOdFj5r4RNH6UErnsOnh8oET6FPOyfUJJvDBiaWrFhcV9DQAg 
msg => Test Drive Schedule Today on Thu, 01 Jan 07:33 at AK Kelapa Gading 
mail =>  
location => AK Kelapa Gading 
gcm => APA91bFfSRHryWGefxgV-yZdhnqvnddgeejMBN3kWX_aWbV7x_kPnbsZYOs0sbrs-tG-4tbmEi543OIqnt6VZXw_WGGAlBh1Bgpj38d4LQS9C9qmLWOdFj5r4RNH6UErnsOnh8oET6FPOyfUJJvDBiaWrFhcV9DQAg 
msg => Test Drive Schedule Today on Thu, 01 Jan 07:33 at AK Kelapa Gading 
mail =>  
location => AK Kelapa Gading 
gcm => APA91bFfSRHryWGefxgV-yZdhnqvnddgeejMBN3kWX_aWbV7x_kPnbsZYOs0sbrs-tG-4tbmEi543OIqnt6VZXw_WGGAlBh1Bgpj38d4LQS9C9qmLWOdFj5r4RNH6UErnsOnh8oET6FPOyfUJJvDBiaWrFhcV9DQAg 
msg => Test Drive Schedule Today on Thu, 01 Jan 07:33 at AK Kelapa Gading 
mail => jen@jayadata.co.id 
location => AK Manokwari 
gcm => APA91bGgbWW2XU1ME4NkN7rHEp8JXbipSS4IpbNfjp53PbFw2LsBc1pUWFILo2RrKa4OwgrkotSYqPp_GDAtPlrOgVB39QV0KnUDEN5C4x1LiiNZdxF4yuCc0i71Xf9sDw0UvzSHEPTno-dATREjKWl8ckVdBO5ufQ 
msg => Test Drive Schedule Today on Thu, 01 Jan 07:33 at AK Manokwari 
mail => jen@jayadata.co.id 
location => AK Manokwari 
gcm => APA91bGgbWW2XU1ME4NkN7rHEp8JXbipSS4IpbNfjp53PbFw2LsBc1pUWFILo2RrKa4OwgrkotSYqPp_GDAtPlrOgVB39QV0KnUDEN5C4x1LiiNZdxF4yuCc0i71Xf9sDw0UvzSHEPTno-dATREjKWl8ckVdBO5ufQ 
msg => Test Drive Schedule Today on Thu, 01 Jan 07:33 at AK Manokwari 
mail =>  
location => AK Kelapa Gading 
gcm => APA91bFfSRHryWGefxgV-yZdhnqvnddgeejMBN3kWX_aWbV7x_kPnbsZYOs0sbrs-tG-4tbmEi543OIqnt6VZXw_WGGAlBh1Bgpj38d4LQS9C9qmLWOdFj5r4RNH6UErnsOnh8oET6FPOyfUJJvDBiaWrFhcV9DQAg 
msg => Test Drive Schedule Today on Thu, 01 Jan 07:33 at AK Kelapa Gading 
mail => jen@jayadata.co.id 
location => AK Manokwari 
gcm => APA91bGgbWW2XU1ME4NkN7rHEp8JXbipSS4IpbNfjp53PbFw2LsBc1pUWFILo2RrKa4OwgrkotSYqPp_GDAtPlrOgVB39QV0KnUDEN5C4x1LiiNZdxF4yuCc0i71Xf9sDw0UvzSHEPTno-dATREjKWl8ckVdBO5ufQ 
msg => Test Drive Schedule Today on Thu, 01 Jan 07:33 at AK Manokwari 
mail => jen@jayadata.co.id 
location => AK Manokwari 
gcm => APA91bGgbWW2XU1ME4NkN7rHEp8JXbipSS4IpbNfjp53PbFw2LsBc1pUWFILo2RrKa4OwgrkotSYqPp_GDAtPlrOgVB39QV0KnUDEN5C4x1LiiNZdxF4yuCc0i71Xf9sDw0UvzSHEPTno-dATREjKWl8ckVdBO5ufQ 
msg => Test Drive Schedule Today on Thu, 01 Jan 07:33 at AK Manokwari 
mail =>  
location => AK Kelapa Gading 
gcm => APA91bFfSRHryWGefxgV-yZdhnqvnddgeejMBN3kWX_aWbV7x_kPnbsZYOs0sbrs-tG-4tbmEi543OIqnt6VZXw_WGGAlBh1Bgpj38d4LQS9C9qmLWOdFj5r4RNH6UErnsOnh8oET6FPOyfUJJvDBiaWrFhcV9DQAg 
msg => Test Drive Schedule Today on Thu, 01 Jan 07:33 at AK Kelapa Gading 
mail => jen@jayadata.co.id 
location => AK Manokwari 
gcm => APA91bGgbWW2XU1ME4NkN7rHEp8JXbipSS4IpbNfjp53PbFw2LsBc1pUWFILo2RrKa4OwgrkotSYqPp_GDAtPlrOgVB39QV0KnUDEN5C4x1LiiNZdxF4yuCc0i71Xf9sDw0UvzSHEPTno-dATREjKWl8ckVdBO5ufQ 
msg => Test Drive Schedule Today on Thu, 01 Jan 07:33 at AK Manokwari 
mail => jen@jayadata.co.id 
location => AK Manokwari 
gcm => APA91bGgbWW2XU1ME4NkN7rHEp8JXbipSS4IpbNfjp53PbFw2LsBc1pUWFILo2RrKa4OwgrkotSYqPp_GDAtPlrOgVB39QV0KnUDEN5C4x1LiiNZdxF4yuCc0i71Xf9sDw0UvzSHEPTno-dATREjKWl8ckVdBO5ufQ 
msg => Test Drive Schedule Today on Thu, 01 Jan 07:33 at AK Manokwari 
mail =>  
location => AK Kelapa Gading 
gcm => APA91bFfSRHryWGefxgV-yZdhnqvnddgeejMBN3kWX_aWbV7x_kPnbsZYOs0sbrs-tG-4tbmEi543OIqnt6VZXw_WGGAlBh1Bgpj38d4LQS9C9qmLWOdFj5r4RNH6UErnsOnh8oET6FPOyfUJJvDBiaWrFhcV9DQAg 
msg => Test Drive Schedule Today on Thu, 01 Jan 07:33 at AK Kelapa Gading 
mail =>  
location => AK Kelapa Gading - New Showroom 
gcm => APA91bEx7Xdt8OAAuOhyVDChSYhIjVKlmnSAOkJn3qyL0W_Jqvi2R_sryavmmBgGJu-dfZ1q-OhryUGEGoCgJtdyPagk7geMiNWRLLTtXpiWcO6gERQNDBPDohCqOiLAaOqtVcsM_i1IkXNcYamSpYnCOI-f0TITgw 
msg => Test Drive Schedule Today on Thu, 01 Jan 07:33 at AK Kelapa Gading - New Showroom 
mail =>  
location => AK Kelapa Gading - New Showroom 
gcm => APA91bEx7Xdt8OAAuOhyVDChSYhIjVKlmnSAOkJn3qyL0W_Jqvi2R_sryavmmBgGJu-dfZ1q-OhryUGEGoCgJtdyPagk7geMiNWRLLTtXpiWcO6gERQNDBPDohCqOiLAaOqtVcsM_i1IkXNcYamSpYnCOI-f0TITgw 
msg => Test Drive Schedule Today on Thu, 01 Jan 07:33 at AK Kelapa Gading - New Showroom 
mail =>  
location => AK Kelapa Gading - New Showroom 
gcm => APA91bEx7Xdt8OAAuOhyVDChSYhIjVKlmnSAOkJn3qyL0W_Jqvi2R_sryavmmBgGJu-dfZ1q-OhryUGEGoCgJtdyPagk7geMiNWRLLTtXpiWcO6gERQNDBPDohCqOiLAaOqtVcsM_i1IkXNcYamSpYnCOI-f0TITgw 
msg => Test Drive Schedule Today on Thu, 01 Jan 07:33 at AK Kelapa Gading - New Showroom 
mail => alejandro@jayadata.co.id 
location => AK Aceh 
gcm => APA91bGgbWW2XU1ME4NkN7rHEp8JXbipSS4IpbNfjp53PbFw2LsBc1pUWFILo2RrKa4OwgrkotSYqPp_GDAtPlrOgVB39QV0KnUDEN5C4x1LiiNZdxF4yuCc0i71Xf9sDw0UvzSHEPTno-dATREjKWl8ckVdBO5ufQ 
msg => Test Drive Schedule Today on Thu, 01 Jan 07:33 at AK Aceh 
mail =>  
location => AK Aceh 
gcm => APA91bFfSRHryWGefxgV-yZdhnqvnddgeejMBN3kWX_aWbV7x_kPnbsZYOs0sbrs-tG-4tbmEi543OIqnt6VZXw_WGGAlBh1Bgpj38d4LQS9C9qmLWOdFj5r4RNH6UErnsOnh8oET6FPOyfUJJvDBiaWrFhcV9DQAg 
msg => Test Drive Schedule Today on Thu, 01 Jan 07:33 at AK Aceh 
mail => alejandro@jayadata.co.id 
location => AK Aceh 
gcm => APA91bGgbWW2XU1ME4NkN7rHEp8JXbipSS4IpbNfjp53PbFw2LsBc1pUWFILo2RrKa4OwgrkotSYqPp_GDAtPlrOgVB39QV0KnUDEN5C4x1LiiNZdxF4yuCc0i71Xf9sDw0UvzSHEPTno-dATREjKWl8ckVdBO5ufQ 
msg => Test Drive Schedule Today on Thu, 01 Jan 07:33 at AK Aceh 
mail =>  
location => AK Aceh 
gcm => APA91bFfSRHryWGefxgV-yZdhnqvnddgeejMBN3kWX_aWbV7x_kPnbsZYOs0sbrs-tG-4tbmEi543OIqnt6VZXw_WGGAlBh1Bgpj38d4LQS9C9qmLWOdFj5r4RNH6UErnsOnh8oET6FPOyfUJJvDBiaWrFhcV9DQAg 
msg => Test Drive Schedule Today on Thu, 01 Jan 07:33 at AK Aceh 
mail => alejandro@jayadata.co.id 
location => AK Aceh 
gcm => APA91bGgbWW2XU1ME4NkN7rHEp8JXbipSS4IpbNfjp53PbFw2LsBc1pUWFILo2RrKa4OwgrkotSYqPp_GDAtPlrOgVB39QV0KnUDEN5C4x1LiiNZdxF4yuCc0i71Xf9sDw0UvzSHEPTno-dATREjKWl8ckVdBO5ufQ 
msg => Test Drive Schedule Today on Thu, 01 Jan 07:33 at AK Aceh 
mail => reese@jayadata.co.id 
location => AK Sorong 
gcm => APA91bGgbWW2XU1ME4NkN7rHEp8JXbipSS4IpbNfjp53PbFw2LsBc1pUWFILo2RrKa4OwgrkotSYqPp_GDAtPlrOgVB39QV0KnUDEN5C4x1LiiNZdxF4yuCc0i71Xf9sDw0UvzSHEPTno-dATREjKWl8ckVdBO5ufQ 
msg => Test Drive Schedule Today on Thu, 01 Jan 07:33 at AK Sorong 
mail =>  
location => AK Aceh 
gcm => APA91bFfSRHryWGefxgV-yZdhnqvnddgeejMBN3kWX_aWbV7x_kPnbsZYOs0sbrs-tG-4tbmEi543OIqnt6VZXw_WGGAlBh1Bgpj38d4LQS9C9qmLWOdFj5r4RNH6UErnsOnh8oET6FPOyfUJJvDBiaWrFhcV9DQAg 
msg => Test Drive Schedule Today on Thu, 01 Jan 07:33 at AK Aceh 
mail => reese@jayadata.co.id 
location => AK Sorong 
gcm => APA91bGgbWW2XU1ME4NkN7rHEp8JXbipSS4IpbNfjp53PbFw2LsBc1pUWFILo2RrKa4OwgrkotSYqPp_GDAtPlrOgVB39QV0KnUDEN5C4x1LiiNZdxF4yuCc0i71Xf9sDw0UvzSHEPTno-dATREjKWl8ckVdBO5ufQ 
msg => Test Drive Schedule Today on Thu, 01 Jan 07:33 at AK Sorong 
mail => reese@jayadata.co.id 
location => AK Sorong 
gcm => APA91bGgbWW2XU1ME4NkN7rHEp8JXbipSS4IpbNfjp53PbFw2LsBc1pUWFILo2RrKa4OwgrkotSYqPp_GDAtPlrOgVB39QV0KnUDEN5C4x1LiiNZdxF4yuCc0i71Xf9sDw0UvzSHEPTno-dATREjKWl8ckVdBO5ufQ 
msg => Test Drive Schedule Today on Thu, 01 Jan 07:33 at AK Sorong 
mail =>  
location => AK Kelapa Gading 
gcm => APA91bFfSRHryWGefxgV-yZdhnqvnddgeejMBN3kWX_aWbV7x_kPnbsZYOs0sbrs-tG-4tbmEi543OIqnt6VZXw_WGGAlBh1Bgpj38d4LQS9C9qmLWOdFj5r4RNH6UErnsOnh8oET6FPOyfUJJvDBiaWrFhcV9DQAg 
msg => Test Drive Schedule Today on Thu, 01 Jan 07:33 at AK Kelapa Gading 
mail =>  
location => AK Kelapa Gading 
gcm => APA91bFfSRHryWGefxgV-yZdhnqvnddgeejMBN3kWX_aWbV7x_kPnbsZYOs0sbrs-tG-4tbmEi543OIqnt6VZXw_WGGAlBh1Bgpj38d4LQS9C9qmLWOdFj5r4RNH6UErnsOnh8oET6FPOyfUJJvDBiaWrFhcV9DQAg 
msg => Test Drive Schedule Today on Thu, 01 Jan 07:33 at AK Kelapa Gading 
mail =>  
location => AK Kelapa Gading 
gcm => APA91bFfSRHryWGefxgV-yZdhnqvnddgeejMBN3kWX_aWbV7x_kPnbsZYOs0sbrs-tG-4tbmEi543OIqnt6VZXw_WGGAlBh1Bgpj38d4LQS9C9qmLWOdFj5r4RNH6UErnsOnh8oET6FPOyfUJJvDBiaWrFhcV9DQAg 
msg => Test Drive Schedule Today on Thu, 01 Jan 07:33 at AK Kelapa Gading 
mail =>  
location => AK Kelapa Gading 
gcm => APA91bFfSRHryWGefxgV-yZdhnqvnddgeejMBN3kWX_aWbV7x_kPnbsZYOs0sbrs-tG-4tbmEi543OIqnt6VZXw_WGGAlBh1Bgpj38d4LQS9C9qmLWOdFj5r4RNH6UErnsOnh8oET6FPOyfUJJvDBiaWrFhcV9DQAg 
msg => Test Drive Schedule Today on Thu, 01 Jan 07:33 at AK Kelapa Gading 
mail =>  
location => AK Kelapa Gading 
gcm => APA91bFfSRHryWGefxgV-yZdhnqvnddgeejMBN3kWX_aWbV7x_kPnbsZYOs0sbrs-tG-4tbmEi543OIqnt6VZXw_WGGAlBh1Bgpj38d4LQS9C9qmLWOdFj5r4RNH6UErnsOnh8oET6FPOyfUJJvDBiaWrFhcV9DQAg 
msg => Test Drive Schedule Today on Thu, 01 Jan 07:33 at AK Kelapa Gading 
mail =>  
location => AK Kelapa Gading 
gcm => APA91bFfSRHryWGefxgV-yZdhnqvnddgeejMBN3kWX_aWbV7x_kPnbsZYOs0sbrs-tG-4tbmEi543OIqnt6VZXw_WGGAlBh1Bgpj38d4LQS9C9qmLWOdFj5r4RNH6UErnsOnh8oET6FPOyfUJJvDBiaWrFhcV9DQAg 
msg => Test Drive Schedule Today on Thu, 01 Jan 07:33 at AK Kelapa Gading 
mail =>  
location => AK Kelapa Gading 
gcm => APA91bGBw-LML5gcF3Qb_UcOiKIOHm1byeSxx7W1Pk6aIiEI_J1XRN8g2QFUfzehUuajCOP694XZHapjJHkeldPk9Ygo5pdy0MwQCpfRKslXaB7pS1JjDjkOG08swDYNMMVBoKb1aKX66mcKJbEfVa84g_v15ZxBCw 
msg => Test Drive Schedule Today on Thu, 01 Jan 07:33 at AK Kelapa Gading 
mail =>  
location => AK Kelapa Gading 
gcm => APA91bGBw-LML5gcF3Qb_UcOiKIOHm1byeSxx7W1Pk6aIiEI_J1XRN8g2QFUfzehUuajCOP694XZHapjJHkeldPk9Ygo5pdy0MwQCpfRKslXaB7pS1JjDjkOG08swDYNMMVBoKb1aKX66mcKJbEfVa84g_v15ZxBCw 
msg => Test Drive Schedule Today on Thu, 01 Jan 07:33 at AK Kelapa Gading 
mail =>  
location => AK Kelapa Gading 
gcm => APA91bGBw-LML5gcF3Qb_UcOiKIOHm1byeSxx7W1Pk6aIiEI_J1XRN8g2QFUfzehUuajCOP694XZHapjJHkeldPk9Ygo5pdy0MwQCpfRKslXaB7pS1JjDjkOG08swDYNMMVBoKb1aKX66mcKJbEfVa84g_v15ZxBCw 
msg => Test Drive Schedule Today on Thu, 01 Jan 07:33 at AK Kelapa Gading 
mail =>  
location => AK Aceh 
gcm => APA91bGBw-LML5gcF3Qb_UcOiKIOHm1byeSxx7W1Pk6aIiEI_J1XRN8g2QFUfzehUuajCOP694XZHapjJHkeldPk9Ygo5pdy0MwQCpfRKslXaB7pS1JjDjkOG08swDYNMMVBoKb1aKX66mcKJbEfVa84g_v15ZxBCw 
msg => Test Drive Schedule Today on Thu, 01 Jan 07:33 at AK Aceh 
mail =>  
location => AK Aceh 
gcm => APA91bGBw-LML5gcF3Qb_UcOiKIOHm1byeSxx7W1Pk6aIiEI_J1XRN8g2QFUfzehUuajCOP694XZHapjJHkeldPk9Ygo5pdy0MwQCpfRKslXaB7pS1JjDjkOG08swDYNMMVBoKb1aKX66mcKJbEfVa84g_v15ZxBCw 
msg => Test Drive Schedule Today on Thu, 01 Jan 07:33 at AK Aceh 
mail =>  
location => AK Aceh 
gcm => APA91bGBw-LML5gcF3Qb_UcOiKIOHm1byeSxx7W1Pk6aIiEI_J1XRN8g2QFUfzehUuajCOP694XZHapjJHkeldPk9Ygo5pdy0MwQCpfRKslXaB7pS1JjDjkOG08swDYNMMVBoKb1aKX66mcKJbEfVa84g_v15ZxBCw 
msg => Test Drive Schedule Today on Thu, 01 Jan 07:33 at AK Aceh 
mail =>  
location => AK Kelapa Gading 
gcm => APA91bGBw-LML5gcF3Qb_UcOiKIOHm1byeSxx7W1Pk6aIiEI_J1XRN8g2QFUfzehUuajCOP694XZHapjJHkeldPk9Ygo5pdy0MwQCpfRKslXaB7pS1JjDjkOG08swDYNMMVBoKb1aKX66mcKJbEfVa84g_v15ZxBCw 
msg => Test Drive Schedule Today on Thu, 01 Jan 07:33 at AK Kelapa Gading 
mail =>  
location => AK Kelapa Gading - New 
gcm => APA91bG83Crl7GV07HbZYhiOQy_oQqCu9bhUi6skuNOp-0n4A1AGhJdmue8njmAeA7FNisIGpPO9s0KRJ9Zk_V2qbnE6I5nKNzC8jWqVNe0fBGbvzsSmMdoQGk4907vA5fLafXkQljveuxZg2BMOC1pomcc0S49u8Q 
msg => Test Drive Schedule Today on Thu, 01 Jan 07:33 at AK Kelapa Gading - New 
mail =>  
location => AK Kelapa Gading 
gcm => APA91bGBw-LML5gcF3Qb_UcOiKIOHm1byeSxx7W1Pk6aIiEI_J1XRN8g2QFUfzehUuajCOP694XZHapjJHkeldPk9Ygo5pdy0MwQCpfRKslXaB7pS1JjDjkOG08swDYNMMVBoKb1aKX66mcKJbEfVa84g_v15ZxBCw 
msg => Test Drive Schedule Today on Thu, 01 Jan 07:33 at AK Kelapa Gading 
mail =>  
location => AK Kelapa Gading - New 
gcm => APA91bG83Crl7GV07HbZYhiOQy_oQqCu9bhUi6skuNOp-0n4A1AGhJdmue8njmAeA7FNisIGpPO9s0KRJ9Zk_V2qbnE6I5nKNzC8jWqVNe0fBGbvzsSmMdoQGk4907vA5fLafXkQljveuxZg2BMOC1pomcc0S49u8Q 
msg => Test Drive Schedule Today on Thu, 01 Jan 07:33 at AK Kelapa Gading - New 
mail => xnamine@gmail.com 
location => AK Tangerang 
gcm =>  
msg => Test Drive Schedule Today on Thu, 01 Jan 07:33 at AK Tangerang 
mail =>  
location => AK Kelapa Gading 
gcm => APA91bGBw-LML5gcF3Qb_UcOiKIOHm1byeSxx7W1Pk6aIiEI_J1XRN8g2QFUfzehUuajCOP694XZHapjJHkeldPk9Ygo5pdy0MwQCpfRKslXaB7pS1JjDjkOG08swDYNMMVBoKb1aKX66mcKJbEfVa84g_v15ZxBCw 
msg => Test Drive Schedule Today on Thu, 01 Jan 07:33 at AK Kelapa Gading 
mail =>  
location => AK Kelapa Gading 
gcm => APA91bGBw-LML5gcF3Qb_UcOiKIOHm1byeSxx7W1Pk6aIiEI_J1XRN8g2QFUfzehUuajCOP694XZHapjJHkeldPk9Ygo5pdy0MwQCpfRKslXaB7pS1JjDjkOG08swDYNMMVBoKb1aKX66mcKJbEfVa84g_v15ZxBCw 
msg => Test Drive Schedule Today on Thu, 01 Jan 07:33 at AK Kelapa Gading 
mail =>  
location => AK Kelapa Gading - New 
gcm => APA91bG83Crl7GV07HbZYhiOQy_oQqCu9bhUi6skuNOp-0n4A1AGhJdmue8njmAeA7FNisIGpPO9s0KRJ9Zk_V2qbnE6I5nKNzC8jWqVNe0fBGbvzsSmMdoQGk4907vA5fLafXkQljveuxZg2BMOC1pomcc0S49u8Q 
msg => Test Drive Schedule Today on Thu, 01 Jan 07:33 at AK Kelapa Gading - New 
mail => xnamine@gmail.com 
location => AK Tangerang 
gcm =>  
msg => Test Drive Schedule Today on Thu, 01 Jan 07:33 at AK Tangerang 
mail =>  
location => AK Kelapa Gading 
gcm => APA91bGBw-LML5gcF3Qb_UcOiKIOHm1byeSxx7W1Pk6aIiEI_J1XRN8g2QFUfzehUuajCOP694XZHapjJHkeldPk9Ygo5pdy0MwQCpfRKslXaB7pS1JjDjkOG08swDYNMMVBoKb1aKX66mcKJbEfVa84g_v15ZxBCw 
msg => Test Drive Schedule Today on Thu, 01 Jan 07:33 at AK Kelapa Gading 
mail => xnamine@gmail.com 
location => AK Tangerang 
gcm =>  
msg => Test Drive Schedule Today on Thu, 01 Jan 07:33 at AK Tangerang 
mail =>  
location => AK Kelapa Gading 
gcm => APA91bGBw-LML5gcF3Qb_UcOiKIOHm1byeSxx7W1Pk6aIiEI_J1XRN8g2QFUfzehUuajCOP694XZHapjJHkeldPk9Ygo5pdy0MwQCpfRKslXaB7pS1JjDjkOG08swDYNMMVBoKb1aKX66mcKJbEfVa84g_v15ZxBCw 
msg => Test Drive Schedule Today on Thu, 01 Jan 07:33 at AK Kelapa Gading 
mail =>  
location => AK Kelapa Gading - New 
gcm => APA91bG83Crl7GV07HbZYhiOQy_oQqCu9bhUi6skuNOp-0n4A1AGhJdmue8njmAeA7FNisIGpPO9s0KRJ9Zk_V2qbnE6I5nKNzC8jWqVNe0fBGbvzsSmMdoQGk4907vA5fLafXkQljveuxZg2BMOC1pomcc0S49u8Q 
msg => Test Drive Schedule Today on Thu, 01 Jan 07:33 at AK Kelapa Gading - New 
mail =>  
location => AK Kelapa Gading - New 
gcm => APA91bG83Crl7GV07HbZYhiOQy_oQqCu9bhUi6skuNOp-0n4A1AGhJdmue8njmAeA7FNisIGpPO9s0KRJ9Zk_V2qbnE6I5nKNzC8jWqVNe0fBGbvzsSmMdoQGk4907vA5fLafXkQljveuxZg2BMOC1pomcc0S49u8Q 
msg => Test Drive Schedule Today on Thu, 01 Jan 07:33 at AK Kelapa Gading - New 
mail => xnamine@gmail.com 
location => AK Jakarta Pusat 
gcm =>  
msg => Test Drive Schedule Today on Thu, 01 Jan 07:33 at AK Jakarta Pusat 
mail =>  
location => AK Kelapa Gading - New 
gcm => APA91bG83Crl7GV07HbZYhiOQy_oQqCu9bhUi6skuNOp-0n4A1AGhJdmue8njmAeA7FNisIGpPO9s0KRJ9Zk_V2qbnE6I5nKNzC8jWqVNe0fBGbvzsSmMdoQGk4907vA5fLafXkQljveuxZg2BMOC1pomcc0S49u8Q 
msg => Test Drive Schedule Today on Thu, 01 Jan 07:33 at AK Kelapa Gading - New 
mail => xnamine@gmail.com 
location => AK Jakarta Pusat 
gcm =>  
msg => Test Drive Schedule Today on Thu, 01 Jan 07:33 at AK Jakarta Pusat 
mail => xnamine@gmail.com 
location => AK Jakarta Pusat 
gcm =>  
msg => Test Drive Schedule Today on Thu, 01 Jan 07:33 at AK Jakarta Pusat 
mail =>  
location => AK Tangerang 
gcm => APA91bG83Crl7GV07HbZYhiOQy_oQqCu9bhUi6skuNOp-0n4A1AGhJdmue8njmAeA7FNisIGpPO9s0KRJ9Zk_V2qbnE6I5nKNzC8jWqVNe0fBGbvzsSmMdoQGk4907vA5fLafXkQljveuxZg2BMOC1pomcc0S49u8Q 
msg => Test Drive Schedule Today on Thu, 01 Jan 07:33 at AK Tangerang 
mail =>  
location => AK Tangerang 
gcm => APA91bG83Crl7GV07HbZYhiOQy_oQqCu9bhUi6skuNOp-0n4A1AGhJdmue8njmAeA7FNisIGpPO9s0KRJ9Zk_V2qbnE6I5nKNzC8jWqVNe0fBGbvzsSmMdoQGk4907vA5fLafXkQljveuxZg2BMOC1pomcc0S49u8Q 
msg => Test Drive Schedule Today on Thu, 01 Jan 07:33 at AK Tangerang 
mail =>  
location => AK Tangerang 
gcm => APA91bG83Crl7GV07HbZYhiOQy_oQqCu9bhUi6skuNOp-0n4A1AGhJdmue8njmAeA7FNisIGpPO9s0KRJ9Zk_V2qbnE6I5nKNzC8jWqVNe0fBGbvzsSmMdoQGk4907vA5fLafXkQljveuxZg2BMOC1pomcc0S49u8Q 
msg => Test Drive Schedule Today on Thu, 01 Jan 07:33 at AK Tangerang 
mail =>  
location => AK Kelapa Gading - New 
gcm => APA91bGgbWW2XU1ME4NkN7rHEp8JXbipSS4IpbNfjp53PbFw2LsBc1pUWFILo2RrKa4OwgrkotSYqPp_GDAtPlrOgVB39QV0KnUDEN5C4x1LiiNZdxF4yuCc0i71Xf9sDw0UvzSHEPTno-dATREjKWl8ckVdBO5ufQ 
msg => Test Drive Schedule Today on Thu, 01 Jan 07:33 at AK Kelapa Gading - New 
mail =>  
location => AK Kelapa Gading - New 
gcm => APA91bGgbWW2XU1ME4NkN7rHEp8JXbipSS4IpbNfjp53PbFw2LsBc1pUWFILo2RrKa4OwgrkotSYqPp_GDAtPlrOgVB39QV0KnUDEN5C4x1LiiNZdxF4yuCc0i71Xf9sDw0UvzSHEPTno-dATREjKWl8ckVdBO5ufQ 
msg => Test Drive Schedule Today on Thu, 01 Jan 07:33 at AK Kelapa Gading - New 
mail =>  
location => AK Kelapa Gading - New 
gcm => APA91bGgbWW2XU1ME4NkN7rHEp8JXbipSS4IpbNfjp53PbFw2LsBc1pUWFILo2RrKa4OwgrkotSYqPp_GDAtPlrOgVB39QV0KnUDEN5C4x1LiiNZdxF4yuCc0i71Xf9sDw0UvzSHEPTno-dATREjKWl8ckVdBO5ufQ 
msg => Test Drive Schedule Today on Thu, 01 Jan 07:33 at AK Kelapa Gading - New 
mail =>  
location => AK Kelapa Gading - New 
gcm => APA91bGgbWW2XU1ME4NkN7rHEp8JXbipSS4IpbNfjp53PbFw2LsBc1pUWFILo2RrKa4OwgrkotSYqPp_GDAtPlrOgVB39QV0KnUDEN5C4x1LiiNZdxF4yuCc0i71Xf9sDw0UvzSHEPTno-dATREjKWl8ckVdBO5ufQ 
msg => Test Drive Schedule Today on Thu, 01 Jan 07:33 at AK Kelapa Gading - New 
mail =>  
location => AK Kelapa Gading - New 
gcm => APA91bGgbWW2XU1ME4NkN7rHEp8JXbipSS4IpbNfjp53PbFw2LsBc1pUWFILo2RrKa4OwgrkotSYqPp_GDAtPlrOgVB39QV0KnUDEN5C4x1LiiNZdxF4yuCc0i71Xf9sDw0UvzSHEPTno-dATREjKWl8ckVdBO5ufQ 
msg => Test Drive Schedule Today on Thu, 01 Jan 07:33 at AK Kelapa Gading - New 
mail =>  
location => AK Kelapa Gading - New 
gcm => APA91bGgbWW2XU1ME4NkN7rHEp8JXbipSS4IpbNfjp53PbFw2LsBc1pUWFILo2RrKa4OwgrkotSYqPp_GDAtPlrOgVB39QV0KnUDEN5C4x1LiiNZdxF4yuCc0i71Xf9sDw0UvzSHEPTno-dATREjKWl8ckVdBO5ufQ 
msg => Test Drive Schedule Today on Thu, 01 Jan 07:33 at AK Kelapa Gading - New 
mail =>  
location => AK Kelapa Gading - New 
gcm => APA91bGgbWW2XU1ME4NkN7rHEp8JXbipSS4IpbNfjp53PbFw2LsBc1pUWFILo2RrKa4OwgrkotSYqPp_GDAtPlrOgVB39QV0KnUDEN5C4x1LiiNZdxF4yuCc0i71Xf9sDw0UvzSHEPTno-dATREjKWl8ckVdBO5ufQ 
msg => Test Drive Schedule Today on Thu, 01 Jan 07:33 at AK Kelapa Gading - New 
mail =>  
location => AK Kelapa Gading - New 
gcm => APA91bGgbWW2XU1ME4NkN7rHEp8JXbipSS4IpbNfjp53PbFw2LsBc1pUWFILo2RrKa4OwgrkotSYqPp_GDAtPlrOgVB39QV0KnUDEN5C4x1LiiNZdxF4yuCc0i71Xf9sDw0UvzSHEPTno-dATREjKWl8ckVdBO5ufQ 
msg => Test Drive Schedule Today on Thu, 01 Jan 07:33 at AK Kelapa Gading - New 
mail =>  
location => AK Kelapa Gading - New 
gcm => APA91bGgbWW2XU1ME4NkN7rHEp8JXbipSS4IpbNfjp53PbFw2LsBc1pUWFILo2RrKa4OwgrkotSYqPp_GDAtPlrOgVB39QV0KnUDEN5C4x1LiiNZdxF4yuCc0i71Xf9sDw0UvzSHEPTno-dATREjKWl8ckVdBO5ufQ 
msg => Test Drive Schedule Today on Thu, 01 Jan 07:33 at AK Kelapa Gading - New 
mail =>  
location => AK Jakarta Selatan 
gcm =>  
msg => Test Drive Schedule Today on Thu, 01 Jan 07:33 at AK Jakarta Selatan 
mail =>  
location => AK Jakarta Selatan 
gcm =>  
msg => Test Drive Schedule Today on Thu, 01 Jan 07:33 at AK Jakarta Selatan 
mail =>  
location => AK Jakarta Selatan 
gcm =>  
msg => Test Drive Schedule Today on Thu, 01 Jan 07:33 at AK Jakarta Selatan 
mail =>  
location => AK Kelapa Gading - New 
gcm => APA91bH_CS9IblC03sOJgODcKgWJGoISco-ASbB2QtWqWCTSMiCa_QxBbYAAvA6z2IVsnxXiJBEMTJeyQiiskDtUAlUr1JaLcbmsyxxd9X8ghGMNZBkHwy4NBQ8eyj5N7xFs9YhQIlaSalqvA78bwDLeshKyXl2GJw 
msg => Test Drive Schedule Today on Thu, 01 Jan 07:33 at AK Kelapa Gading - New 
mail =>  
location => AK Kelapa Gading - New 
gcm => APA91bH_CS9IblC03sOJgODcKgWJGoISco-ASbB2QtWqWCTSMiCa_QxBbYAAvA6z2IVsnxXiJBEMTJeyQiiskDtUAlUr1JaLcbmsyxxd9X8ghGMNZBkHwy4NBQ8eyj5N7xFs9YhQIlaSalqvA78bwDLeshKyXl2GJw 
msg => Test Drive Schedule Today on Thu, 01 Jan 07:33 at AK Kelapa Gading - New 
mail =>  
location => AK Kelapa Gading - New 
gcm => APA91bH_CS9IblC03sOJgODcKgWJGoISco-ASbB2QtWqWCTSMiCa_QxBbYAAvA6z2IVsnxXiJBEMTJeyQiiskDtUAlUr1JaLcbmsyxxd9X8ghGMNZBkHwy4NBQ8eyj5N7xFs9YhQIlaSalqvA78bwDLeshKyXl2GJw 
msg => Test Drive Schedule Today on Thu, 01 Jan 07:33 at AK Kelapa Gading - New 
mail =>  
location => AK Jakarta Selatan 
gcm => APA91bE7nXqDrqvbmZ8HGMuxErddNX-hPqsheKJ672GSHWEvblRTbOiYxfsYEc4nN2V5JycWtII8-33wq_0AiXNePkwddu3ia8axFqWxAuG9D1AJNYrftWmtwZoa3PWSLj3cpI1hRs2lXQP_cE5xGC_4YvTE0_ij-Q 
msg => Test Drive Schedule Today on Thu, 01 Jan 07:33 at AK Jakarta Selatan 
mail =>  
location => AK Jakarta Selatan 
gcm => APA91bE7nXqDrqvbmZ8HGMuxErddNX-hPqsheKJ672GSHWEvblRTbOiYxfsYEc4nN2V5JycWtII8-33wq_0AiXNePkwddu3ia8axFqWxAuG9D1AJNYrftWmtwZoa3PWSLj3cpI1hRs2lXQP_cE5xGC_4YvTE0_ij-Q 
msg => Test Drive Schedule Today on Thu, 01 Jan 07:33 at AK Jakarta Selatan 
mail =>  
location => AK Jakarta Selatan 
gcm => APA91bE7nXqDrqvbmZ8HGMuxErddNX-hPqsheKJ672GSHWEvblRTbOiYxfsYEc4nN2V5JycWtII8-33wq_0AiXNePkwddu3ia8axFqWxAuG9D1AJNYrftWmtwZoa3PWSLj3cpI1hRs2lXQP_cE5xGC_4YvTE0_ij-Q 
msg => Test Drive Schedule Today on Thu, 01 Jan 07:33 at AK Jakarta Selatan 
mail =>  
location => AK Jakarta Pusat 
gcm => APA91bG0PoF_dhdzHn34xzi3W9p2f9Qi-FbOLOB0OHmvEj7kjfH_6Rbns0bFwLGB0jrXnl0jqr_CP1uVNJDzVX0JiFDaYr-DhtNnb4VKnYvH8TPBMxjz5HMXPoiFjQSk1tr7l8BzklH4 
msg => Test Drive Schedule Today on Thu, 01 Jan 07:33 at AK Jakarta Pusat 
mail =>  
location => AK Jakarta Pusat 
gcm => APA91bG0PoF_dhdzHn34xzi3W9p2f9Qi-FbOLOB0OHmvEj7kjfH_6Rbns0bFwLGB0jrXnl0jqr_CP1uVNJDzVX0JiFDaYr-DhtNnb4VKnYvH8TPBMxjz5HMXPoiFjQSk1tr7l8BzklH4 
msg => Test Drive Schedule Today on Thu, 01 Jan 07:33 at AK Jakarta Pusat 
mail =>  
location => AK Jakarta Pusat 
gcm => APA91bG0PoF_dhdzHn34xzi3W9p2f9Qi-FbOLOB0OHmvEj7kjfH_6Rbns0bFwLGB0jrXnl0jqr_CP1uVNJDzVX0JiFDaYr-DhtNnb4VKnYvH8TPBMxjz5HMXPoiFjQSk1tr7l8BzklH4 
msg => Test Drive Schedule Today on Thu, 01 Jan 07:33 at AK Jakarta Pusat 
mail =>  
location => AK Pluit 
gcm => APA91bE8ZH6VjtxswKEYcA616hrI4ab1uvIfJxHh_h_JV_VbFq-toEQn87Np6K1HoflkkJb9u7pGCvjmsssMhkmRBLkMFmbkwJ0TDrEns-pDrjEugrE1aXYPCox8UuX4W7qs-E0ip5sS77kgmBxXo21iNLP_u2iKSQ 
msg => Test Drive Schedule Today on Thu, 01 Jan 07:33 at AK Pluit 
mail =>  
location => AK Jakarta Pusat 
gcm =>  
msg => Test Drive Schedule Today on Thu, 01 Jan 07:33 at AK Jakarta Pusat 
mail =>  
location => AK Pluit 
gcm => APA91bE8ZH6VjtxswKEYcA616hrI4ab1uvIfJxHh_h_JV_VbFq-toEQn87Np6K1HoflkkJb9u7pGCvjmsssMhkmRBLkMFmbkwJ0TDrEns-pDrjEugrE1aXYPCox8UuX4W7qs-E0ip5sS77kgmBxXo21iNLP_u2iKSQ 
msg => Test Drive Schedule Today on Thu, 01 Jan 07:33 at AK Pluit 
mail =>  
location => AK Pluit 
gcm => APA91bE8ZH6VjtxswKEYcA616hrI4ab1uvIfJxHh_h_JV_VbFq-toEQn87Np6K1HoflkkJb9u7pGCvjmsssMhkmRBLkMFmbkwJ0TDrEns-pDrjEugrE1aXYPCox8UuX4W7qs-E0ip5sS77kgmBxXo21iNLP_u2iKSQ 
msg => Test Drive Schedule Today on Thu, 01 Jan 07:33 at AK Pluit 
mail =>  
location => AK Jakarta Pusat 
gcm =>  
msg => Test Drive Schedule Today on Thu, 01 Jan 07:33 at AK Jakarta Pusat 
mail =>  
location => AK Pluit 
gcm => APA91bE8ZH6VjtxswKEYcA616hrI4ab1uvIfJxHh_h_JV_VbFq-toEQn87Np6K1HoflkkJb9u7pGCvjmsssMhkmRBLkMFmbkwJ0TDrEns-pDrjEugrE1aXYPCox8UuX4W7qs-E0ip5sS77kgmBxXo21iNLP_u2iKSQ 
msg => Test Drive Schedule Today on Thu, 01 Jan 07:33 at AK Pluit 
mail =>  
location => AK Pluit 
gcm => APA91bE8ZH6VjtxswKEYcA616hrI4ab1uvIfJxHh_h_JV_VbFq-toEQn87Np6K1HoflkkJb9u7pGCvjmsssMhkmRBLkMFmbkwJ0TDrEns-pDrjEugrE1aXYPCox8UuX4W7qs-E0ip5sS77kgmBxXo21iNLP_u2iKSQ 
msg => Test Drive Schedule Today on Thu, 01 Jan 07:33 at AK Pluit 
mail =>  
location => AK Jakarta Pusat 
gcm =>  
msg => Test Drive Schedule Today on Thu, 01 Jan 07:33 at AK Jakarta Pusat 
mail =>  
location => AK Pluit 
gcm => APA91bE8ZH6VjtxswKEYcA616hrI4ab1uvIfJxHh_h_JV_VbFq-toEQn87Np6K1HoflkkJb9u7pGCvjmsssMhkmRBLkMFmbkwJ0TDrEns-pDrjEugrE1aXYPCox8UuX4W7qs-E0ip5sS77kgmBxXo21iNLP_u2iKSQ 
msg => Test Drive Schedule Today on Thu, 01 Jan 07:33 at AK Pluit 
mail =>  
location => AK Manokwari 
gcm => APA91bHDJtCvLhKfvmb-8xuc9Y6-tccs1bZ81h2qCb-CakHhDYOR7sOcyGZJWyE36_Yl17epVdkkP20-lPNcs5yMeypokvv2bHP6_P7oB2nb320XIGyib_lyAQMdK6Qjle7gw7cZPmHM 
msg => Test Drive Schedule Today on Thu, 01 Jan 07:33 at AK Manokwari 
mail =>  
location => AK Manokwari 
gcm => APA91bHDJtCvLhKfvmb-8xuc9Y6-tccs1bZ81h2qCb-CakHhDYOR7sOcyGZJWyE36_Yl17epVdkkP20-lPNcs5yMeypokvv2bHP6_P7oB2nb320XIGyib_lyAQMdK6Qjle7gw7cZPmHM 
msg => Test Drive Schedule Today on Thu, 01 Jan 07:33 at AK Manokwari 
mail =>  
location => AK Manokwari 
gcm => APA91bHDJtCvLhKfvmb-8xuc9Y6-tccs1bZ81h2qCb-CakHhDYOR7sOcyGZJWyE36_Yl17epVdkkP20-lPNcs5yMeypokvv2bHP6_P7oB2nb320XIGyib_lyAQMdK6Qjle7gw7cZPmHM 
msg => Test Drive Schedule Today on Thu, 01 Jan 07:33 at AK Manokwari 
mail =>  
location => AK Manokwari 
gcm => APA91bHDJtCvLhKfvmb-8xuc9Y6-tccs1bZ81h2qCb-CakHhDYOR7sOcyGZJWyE36_Yl17epVdkkP20-lPNcs5yMeypokvv2bHP6_P7oB2nb320XIGyib_lyAQMdK6Qjle7gw7cZPmHM 
msg => Test Drive Schedule Today on Thu, 01 Jan 07:33 at AK Manokwari 
mail =>  
location => AK Manokwari 
gcm => APA91bHDJtCvLhKfvmb-8xuc9Y6-tccs1bZ81h2qCb-CakHhDYOR7sOcyGZJWyE36_Yl17epVdkkP20-lPNcs5yMeypokvv2bHP6_P7oB2nb320XIGyib_lyAQMdK6Qjle7gw7cZPmHM 
msg => Test Drive Schedule Today on Thu, 01 Jan 07:33 at AK Manokwari 
mail =>  
location => AK Manokwari 
gcm => APA91bHDJtCvLhKfvmb-8xuc9Y6-tccs1bZ81h2qCb-CakHhDYOR7sOcyGZJWyE36_Yl17epVdkkP20-lPNcs5yMeypokvv2bHP6_P7oB2nb320XIGyib_lyAQMdK6Qjle7gw7cZPmHM 
msg => Test Drive Schedule Today on Thu, 01 Jan 07:33 at AK Manokwari 
mail =>  
location => AK Rantau Prapat 
gcm => APA91bHDJtCvLhKfvmb-8xuc9Y6-tccs1bZ81h2qCb-CakHhDYOR7sOcyGZJWyE36_Yl17epVdkkP20-lPNcs5yMeypokvv2bHP6_P7oB2nb320XIGyib_lyAQMdK6Qjle7gw7cZPmHM 
msg => Test Drive Schedule Today on Thu, 01 Jan 07:33 at AK Rantau Prapat 
mail =>  
location => AK Manokwari 
gcm => APA91bHDJtCvLhKfvmb-8xuc9Y6-tccs1bZ81h2qCb-CakHhDYOR7sOcyGZJWyE36_Yl17epVdkkP20-lPNcs5yMeypokvv2bHP6_P7oB2nb320XIGyib_lyAQMdK6Qjle7gw7cZPmHM 
msg => Test Drive Schedule Today on Thu, 01 Jan 07:33 at AK Manokwari 
mail =>  
location => AK Manokwari 
gcm => APA91bHDJtCvLhKfvmb-8xuc9Y6-tccs1bZ81h2qCb-CakHhDYOR7sOcyGZJWyE36_Yl17epVdkkP20-lPNcs5yMeypokvv2bHP6_P7oB2nb320XIGyib_lyAQMdK6Qjle7gw7cZPmHM 
msg => Test Drive Schedule Today on Thu, 01 Jan 07:33 at AK Manokwari 
mail =>  
location => AK Rantau Prapat 
gcm => APA91bHDJtCvLhKfvmb-8xuc9Y6-tccs1bZ81h2qCb-CakHhDYOR7sOcyGZJWyE36_Yl17epVdkkP20-lPNcs5yMeypokvv2bHP6_P7oB2nb320XIGyib_lyAQMdK6Qjle7gw7cZPmHM 
msg => Test Drive Schedule Today on Thu, 01 Jan 07:33 at AK Rantau Prapat 
mail =>  
location => AK Manokwari 
gcm => APA91bHDJtCvLhKfvmb-8xuc9Y6-tccs1bZ81h2qCb-CakHhDYOR7sOcyGZJWyE36_Yl17epVdkkP20-lPNcs5yMeypokvv2bHP6_P7oB2nb320XIGyib_lyAQMdK6Qjle7gw7cZPmHM 
msg => Test Drive Schedule Today on Thu, 01 Jan 07:33 at AK Manokwari 
mail =>  
location => AK Rantau Prapat 
gcm => APA91bHDJtCvLhKfvmb-8xuc9Y6-tccs1bZ81h2qCb-CakHhDYOR7sOcyGZJWyE36_Yl17epVdkkP20-lPNcs5yMeypokvv2bHP6_P7oB2nb320XIGyib_lyAQMdK6Qjle7gw7cZPmHM 
msg => Test Drive Schedule Today on Thu, 01 Jan 07:33 at AK Rantau Prapat 
mail =>  
location => AK Kelapa Gading 
gcm => APA91bGeLozesWPM4mhosr9qGsnL--NdG9Y9eoC86yqpeJ3v6892kNGPzI8jcB2y_XEwek-SkfeytgJbbxoZ8-q1gDno1VRe4SLZcuLv90meopf1iKr3wgR97pmG4uS33ji5D7VCsTmM 
msg => Test Drive Schedule Today on Thu, 01 Jan 07:33 at AK Kelapa Gading 
mail =>  
location => AK Kelapa Gading 
gcm => APA91bGeLozesWPM4mhosr9qGsnL--NdG9Y9eoC86yqpeJ3v6892kNGPzI8jcB2y_XEwek-SkfeytgJbbxoZ8-q1gDno1VRe4SLZcuLv90meopf1iKr3wgR97pmG4uS33ji5D7VCsTmM 
msg => Test Drive Schedule Today on Thu, 01 Jan 07:33 at AK Kelapa Gading 
mail =>  
location => AK Kelapa Gading 
gcm => APA91bGeLozesWPM4mhosr9qGsnL--NdG9Y9eoC86yqpeJ3v6892kNGPzI8jcB2y_XEwek-SkfeytgJbbxoZ8-q1gDno1VRe4SLZcuLv90meopf1iKr3wgR97pmG4uS33ji5D7VCsTmM 
msg => Test Drive Schedule Today on Thu, 01 Jan 07:33 at AK Kelapa Gading 
mail =>  
location => AK Jakarta Pusat 
gcm =>  
msg => Test Drive Schedule Today on Thu, 01 Jan 07:33 at AK Jakarta Pusat 
mail =>  
location => AK Jakarta Pusat 
gcm =>  
msg => Test Drive Schedule Today on Thu, 01 Jan 07:33 at AK Jakarta Pusat 
mail =>  
location => AK Jakarta Pusat 
gcm =>  
msg => Test Drive Schedule Today on Thu, 01 Jan 07:33 at AK Jakarta Pusat 
